c:\users\apervaiz\documents\visual studio 2013\projects\windowsruntimecomponent1\windowsruntimecomponent1\debug\pch.pch
c:\users\apervaiz\documents\visual studio 2013\projects\windowsruntimecomponent1\windowsruntimecomponent1\debug\vc120.pdb
c:\users\apervaiz\documents\visual studio 2013\projects\windowsruntimecomponent1\windowsruntimecomponent1\debug\vc120.idb
c:\users\apervaiz\documents\visual studio 2013\projects\windowsruntimecomponent1\windowsruntimecomponent1\debug\pch.obj
c:\users\apervaiz\documents\visual studio 2013\projects\windowsruntimecomponent1\windowsruntimecomponent1\debug\class1.obj
c:\users\apervaiz\documents\visual studio 2013\projects\windowsruntimecomponent1\windowsruntimecomponent1\debug\frameplayer.obj
c:\users\apervaiz\documents\visual studio 2013\projects\windowsruntimecomponent1\debug\windowsruntimecomponent1\windowsruntimecomponent1.ilk
c:\users\apervaiz\documents\visual studio 2013\projects\windowsruntimecomponent1\debug\windowsruntimecomponent1\windowsruntimecomponent1.dll
c:\users\apervaiz\documents\visual studio 2013\projects\windowsruntimecomponent1\debug\windowsruntimecomponent1\windowsruntimecomponent1.winmd
c:\users\apervaiz\documents\visual studio 2013\projects\windowsruntimecomponent1\debug\windowsruntimecomponent1\windowsruntimecomponent1.pdb
c:\users\apervaiz\documents\visual studio 2013\projects\windowsruntimecomponent1\debug\windowsruntimecomponent1\windowsruntimecomponent1.lib
c:\users\apervaiz\documents\visual studio 2013\projects\windowsruntimecomponent1\debug\windowsruntimecomponent1\windowsruntimecomponent1.exp
c:\users\apervaiz\documents\visual studio 2013\projects\windowsruntimecomponent1\windowsruntimecomponent1\debug\priconfig.xml
c:\users\apervaiz\documents\visual studio 2013\projects\windowsruntimecomponent1\windowsruntimecomponent1\debug\priconfig.xml.intermediate
c:\users\apervaiz\documents\visual studio 2013\projects\windowsruntimecomponent1\windowsruntimecomponent1\debug\layout.resfiles
c:\users\apervaiz\documents\visual studio 2013\projects\windowsruntimecomponent1\windowsruntimecomponent1\debug\layout.resfiles.intermediate
c:\users\apervaiz\documents\visual studio 2013\projects\windowsruntimecomponent1\windowsruntimecomponent1\debug\resources.resfiles
c:\users\apervaiz\documents\visual studio 2013\projects\windowsruntimecomponent1\windowsruntimecomponent1\debug\resources.resfiles.intermediate
c:\users\apervaiz\documents\visual studio 2013\projects\windowsruntimecomponent1\windowsruntimecomponent1\debug\pri.resfiles
c:\users\apervaiz\documents\visual studio 2013\projects\windowsruntimecomponent1\windowsruntimecomponent1\debug\pri.resfiles.intermediate
c:\users\apervaiz\documents\visual studio 2013\projects\windowsruntimecomponent1\debug\windowsruntimecomponent1\windowsruntimecomponent1.pri
c:\users\apervaiz\documents\visual studio 2013\projects\windowsruntimecomponent1\windowsruntimecomponent1\debug\qualifiers.txt
c:\users\apervaiz\documents\visual studio 2013\projects\windowsruntimecomponent1\windowsruntimecomponent1\debug\qualifiers.txt.intermediate
c:\users\apervaiz\documents\visual studio 2013\projects\windowsruntimecomponent1\windowsruntimecomponent1\debug\multiplequalifiersperdimensionfound.txt
c:\users\apervaiz\documents\visual studio 2013\projects\windowsruntimecomponent1\windowsruntimecomponent1\debug\windowsr.946eb4cb.tlog\cl.command.1.tlog
c:\users\apervaiz\documents\visual studio 2013\projects\windowsruntimecomponent1\windowsruntimecomponent1\debug\windowsr.946eb4cb.tlog\cl.read.1.tlog
c:\users\apervaiz\documents\visual studio 2013\projects\windowsruntimecomponent1\windowsruntimecomponent1\debug\windowsr.946eb4cb.tlog\cl.write.1.tlog
c:\users\apervaiz\documents\visual studio 2013\projects\windowsruntimecomponent1\windowsruntimecomponent1\debug\windowsr.946eb4cb.tlog\link.command.1.tlog
c:\users\apervaiz\documents\visual studio 2013\projects\windowsruntimecomponent1\windowsruntimecomponent1\debug\windowsr.946eb4cb.tlog\link.read.1.tlog
c:\users\apervaiz\documents\visual studio 2013\projects\windowsruntimecomponent1\windowsruntimecomponent1\debug\windowsr.946eb4cb.tlog\link.write.1.tlog
c:\users\apervaiz\documents\visual studio 2013\projects\windowsruntimecomponent1\windowsruntimecomponent1\debug\windowsr.946eb4cb.tlog\windowsruntimecomponent1.read.1u.tlog
c:\users\apervaiz\documents\visual studio 2013\projects\windowsruntimecomponent1\windowsruntimecomponent1\debug\windowsr.946eb4cb.tlog\windowsruntimecomponent1.write.1u.tlog
