c:\users\aman\desktop\beautfulvideoplayer\beautfulvideoplayer\gifgenerator\x64\debug\pch.pch
c:\users\aman\desktop\beautfulvideoplayer\beautfulvideoplayer\gifgenerator\x64\debug\vc120.pdb
c:\users\aman\desktop\beautfulvideoplayer\beautfulvideoplayer\gifgenerator\x64\debug\pch.obj
c:\users\aman\desktop\beautfulvideoplayer\beautfulvideoplayer\gifgenerator\x64\debug\frameplayer.obj
c:\users\aman\desktop\beautfulvideoplayer\beautfulvideoplayer\gifgenerator\x64\debug\imageextractor.obj
c:\users\aman\desktop\beautfulvideoplayer\beautfulvideoplayer\x64\debug\windowsruntimecomponent1\applicationconfiguration.winmd
c:\users\aman\desktop\beautfulvideoplayer\beautfulvideoplayer\x64\debug\windowsruntimecomponent1\applicationconfiguration.pdb
c:\users\aman\desktop\beautfulvideoplayer\beautfulvideoplayer\x64\debug\windowsruntimecomponent1\applicationconfiguration.pri
c:\users\aman\desktop\beautfulvideoplayer\beautfulvideoplayer\x64\debug\windowsruntimecomponent1\imageprocessing.winmd
c:\users\aman\desktop\beautfulvideoplayer\beautfulvideoplayer\x64\debug\windowsruntimecomponent1\imageextractor.lib
c:\users\aman\desktop\beautfulvideoplayer\beautfulvideoplayer\x64\debug\windowsruntimecomponent1\imageextractor.exp
c:\users\aman\desktop\beautfulvideoplayer\beautfulvideoplayer\gifgenerator\x64\debug\windowsruntimecomponent1.vcxprojresolveassemblyreference.cache
c:\users\aman\desktop\beautfulvideoplayer\beautfulvideoplayer\gifgenerator\x64\debug\priconfig.xml
c:\users\aman\desktop\beautfulvideoplayer\beautfulvideoplayer\gifgenerator\x64\debug\priconfig.xml.intermediate
c:\users\aman\desktop\beautfulvideoplayer\beautfulvideoplayer\gifgenerator\x64\debug\layout.resfiles
c:\users\aman\desktop\beautfulvideoplayer\beautfulvideoplayer\gifgenerator\x64\debug\layout.resfiles.intermediate
c:\users\aman\desktop\beautfulvideoplayer\beautfulvideoplayer\gifgenerator\x64\debug\resources.resfiles
c:\users\aman\desktop\beautfulvideoplayer\beautfulvideoplayer\gifgenerator\x64\debug\resources.resfiles.intermediate
c:\users\aman\desktop\beautfulvideoplayer\beautfulvideoplayer\gifgenerator\x64\debug\pri.resfiles
c:\users\aman\desktop\beautfulvideoplayer\beautfulvideoplayer\gifgenerator\x64\debug\pri.resfiles.intermediate
c:\users\aman\desktop\beautfulvideoplayer\beautfulvideoplayer\x64\debug\windowsruntimecomponent1\imageprocessing.pri
c:\users\aman\desktop\beautfulvideoplayer\beautfulvideoplayer\gifgenerator\x64\debug\qualifiers.txt
c:\users\aman\desktop\beautfulvideoplayer\beautfulvideoplayer\gifgenerator\x64\debug\qualifiers.txt.intermediate
c:\users\aman\desktop\beautfulvideoplayer\beautfulvideoplayer\gifgenerator\x64\debug\multiplequalifiersperdimensionfound.txt
c:\users\aman\desktop\beautfulvideoplayer\beautfulvideoplayer\x64\debug\windowsruntimecomponent1\imageextractor.ilk
c:\users\aman\desktop\beautfulvideoplayer\beautfulvideoplayer\x64\debug\windowsruntimecomponent1\imageextractor.dll
c:\users\aman\desktop\beautfulvideoplayer\beautfulvideoplayer\x64\debug\windowsruntimecomponent1\imageextractor.pdb
c:\users\aman\desktop\beautfulvideoplayer\beautfulvideoplayer\gifgenerator\x64\debug\imageextractor.tlog\cl.command.1.tlog
c:\users\aman\desktop\beautfulvideoplayer\beautfulvideoplayer\gifgenerator\x64\debug\imageextractor.tlog\cl.read.1.tlog
c:\users\aman\desktop\beautfulvideoplayer\beautfulvideoplayer\gifgenerator\x64\debug\imageextractor.tlog\cl.write.1.tlog
c:\users\aman\desktop\beautfulvideoplayer\beautfulvideoplayer\gifgenerator\x64\debug\imageextractor.tlog\imageextractor.read.1u.tlog
c:\users\aman\desktop\beautfulvideoplayer\beautfulvideoplayer\gifgenerator\x64\debug\imageextractor.tlog\imageextractor.write.1u.tlog
c:\users\aman\desktop\beautfulvideoplayer\beautfulvideoplayer\gifgenerator\x64\debug\imageextractor.tlog\link.command.1.tlog
c:\users\aman\desktop\beautfulvideoplayer\beautfulvideoplayer\gifgenerator\x64\debug\imageextractor.tlog\link.read.1.tlog
c:\users\aman\desktop\beautfulvideoplayer\beautfulvideoplayer\gifgenerator\x64\debug\imageextractor.tlog\link.write.1.tlog
