Build started 10/28/2014 8:00:23 AM.
     1>Project "C:\Users\aman\Desktop\BeautfulVideoPlayer\BeautfulVideoPlayer\GifGenerator\WindowsRuntimeComponent1.vcxproj" on node 4 (Rebuild target(s)).
     1>C:\Program Files (x86)\MSBuild\Microsoft.Cpp\v4.0\V120\Microsoft.CppBuild.targets(381,5): warning MSB8028: The intermediate directory (x64\Debug\) contains files shared from another project (WindowsRuntimeComponent1.vcxproj).  This can lead to incorrect clean and rebuild behavior.
     1>ClCompile:
         C:\Program Files (x86)\Microsoft Visual Studio 12.0\VC\bin\x86_amd64\CL.exe /c /IC:\Users\aman\Desktop\BeautfulVideoPlayer\BeautfulVideoPlayer\GifGenerator\ /I"Generated Files\\" /Ix64\Debug\ /Zi /ZW /ZW:nostdlib /nologo /W3 /WX- /sdl /MP /Od /D _WINRT_DLL /D _WINDLL /D _UNICODE /D UNICODE /D _DEBUG /D WINAPI_FAMILY=WINAPI_FAMILY_APP /Gm- /EHsc /RTC1 /MDd /GS /fp:precise /Zc:wchar_t /Zc:forScope /Yc"pch.h" /Fp"x64\Debug\pch.pch" /Fo"x64\Debug\\" /Fd"x64\Debug\vc120.pdb" /Gd /TP /wd28204 /FU"C:\Program Files (x86)\Microsoft SDKs\Windows\v8.1\ExtensionSDKs\Microsoft.VCLibs\12.0\References\CommonConfiguration\neutral\platform.winmd" /FU"C:\Program Files (x86)\Windows Kits\8.1\References\CommonConfiguration\Neutral\Windows.winmd" /FUC:\Users\aman\Desktop\BeautfulVideoPlayer\BeautfulVideoPlayer\ApplicationConfiguration\bin\x64\Debug\ApplicationConfiguration.winmd /FUC:\Users\aman\Desktop\BeautfulVideoPlayer\BeautfulVideoPlayer\Logging\bin\x64\Debug\Logging.winmd /FU"C:\Program Files (x86)\Windows Kits\8.1\References\CommonConfiguration\Neutral\Windows.winmd" /errorReport:prompt /bigobj pch.cpp
         pch.cpp
         C:\Program Files (x86)\Microsoft Visual Studio 12.0\VC\bin\x86_amd64\CL.exe /c /IC:\Users\aman\Desktop\BeautfulVideoPlayer\BeautfulVideoPlayer\GifGenerator\ /I"Generated Files\\" /Ix64\Debug\ /Zi /ZW /ZW:nostdlib /nologo /W3 /WX- /sdl /MP /Od /D _WINRT_DLL /D _WINDLL /D _UNICODE /D UNICODE /D _DEBUG /D WINAPI_FAMILY=WINAPI_FAMILY_APP /Gm- /EHsc /RTC1 /MDd /GS /fp:precise /Zc:wchar_t /Zc:forScope /Yu"pch.h" /Fp"x64\Debug\pch.pch" /Fo"x64\Debug\\" /Fd"x64\Debug\vc120.pdb" /Gd /TP /wd28204 /FU"C:\Program Files (x86)\Microsoft SDKs\Windows\v8.1\ExtensionSDKs\Microsoft.VCLibs\12.0\References\CommonConfiguration\neutral\platform.winmd" /FU"C:\Program Files (x86)\Windows Kits\8.1\References\CommonConfiguration\Neutral\Windows.winmd" /FUC:\Users\aman\Desktop\BeautfulVideoPlayer\BeautfulVideoPlayer\ApplicationConfiguration\bin\x64\Debug\ApplicationConfiguration.winmd /FUC:\Users\aman\Desktop\BeautfulVideoPlayer\BeautfulVideoPlayer\Logging\bin\x64\Debug\Logging.winmd /FU"C:\Program Files (x86)\Windows Kits\8.1\References\CommonConfiguration\Neutral\Windows.winmd" /errorReport:prompt /bigobj FramePlayer.cpp ImageExtractor.cpp
         FramePlayer.cpp
         ImageExtractor.cpp
       Link:
         C:\Program Files (x86)\Microsoft Visual Studio 12.0\VC\bin\x86_amd64\link.exe /ERRORREPORT:PROMPT /OUT:"C:\Users\aman\Desktop\BeautfulVideoPlayer\BeautfulVideoPlayer\x64\Debug\WindowsRuntimeComponent1\ImageExtractor.dll" /INCREMENTAL /NOLOGO runtimeobject.lib uuid.lib d3d11.lib mf.lib mfplat.lib runtimeobject.lib d3d11.lib dxgi.lib kernel32.lib /MANIFEST:NO /DEBUG /PDB:"C:\Users\aman\Desktop\BeautfulVideoPlayer\BeautfulVideoPlayer\x64\Debug\WindowsRuntimeComponent1\ImageExtractor.pdb" /SUBSYSTEM:CONSOLE /TLBID:1 /APPCONTAINER /WINMD /WINMDFILE:"C:\Users\aman\Desktop\BeautfulVideoPlayer\BeautfulVideoPlayer\x64\Debug\WindowsRuntimeComponent1\ImageProcessing.winmd" /DYNAMICBASE /NXCOMPAT /MACHINE:X64 /DLL x64\Debug\FramePlayer.obj
         x64\Debug\pch.obj
         x64\Debug\ImageExtractor.obj
         C:\Users\aman\Desktop\BeautfulVideoPlayer\BeautfulVideoPlayer\DirectXTex\DirectXTex\Bin\Windows81\x64\Debug\DirectXTex.lib
            Creating library C:\Users\aman\Desktop\BeautfulVideoPlayer\BeautfulVideoPlayer\x64\Debug\WindowsRuntimeComponent1\ImageExtractor.lib and object C:\Users\aman\Desktop\BeautfulVideoPlayer\BeautfulVideoPlayer\x64\Debug\WindowsRuntimeComponent1\ImageExtractor.exp
         WindowsRuntimeComponent1.vcxproj -> C:\Users\aman\Desktop\BeautfulVideoPlayer\BeautfulVideoPlayer\x64\Debug\WindowsRuntimeComponent1\ImageExtractor.dll
       _GenerateProjectPriFileCore:
         C:\Program Files (x86)\Windows Kits\8.1\bin\x64\MakePri.exe New -ProjectRoot C:\Users\aman\Desktop\BeautfulVideoPlayer\BeautfulVideoPlayer\GifGenerator\ -ConfigXml x64\Debug\priconfig.xml -OutputFile C:\Users\aman\Desktop\BeautfulVideoPlayer\BeautfulVideoPlayer\x64\Debug\WindowsRuntimeComponent1\ImageProcessing.pri -IndexName ImageProcessing -Verbose -Overwrite  
     1>Done Building Project "C:\Users\aman\Desktop\BeautfulVideoPlayer\BeautfulVideoPlayer\GifGenerator\WindowsRuntimeComponent1.vcxproj" (Rebuild target(s)).

Build succeeded.

Time Elapsed 00:00:04.84
