c:\users\apervaiz\downloads\directxtex\directxtex\bin\windows81\win32\debug\directxtex.pch
c:\users\apervaiz\downloads\directxtex\directxtex\bin\windows81\win32\debug\directxtex.pdb
c:\users\apervaiz\downloads\directxtex\directxtex\bin\windows81\win32\debug\directxtexutil.obj
c:\users\apervaiz\downloads\directxtex\directxtex\bin\windows81\win32\debug\bc6hbc7.obj
c:\users\apervaiz\downloads\directxtex\directxtex\bin\windows81\win32\debug\directxtexnormalmaps.obj
c:\users\apervaiz\downloads\directxtex\directxtex\bin\windows81\win32\debug\bcdirectcompute.obj
c:\users\apervaiz\downloads\directxtex\directxtex\bin\windows81\win32\debug\directxtextga.obj
c:\users\apervaiz\downloads\directxtex\directxtex\bin\windows81\win32\debug\bc4bc5.obj
c:\users\apervaiz\downloads\directxtex\directxtex\bin\windows81\win32\debug\directxtexfliprotate.obj
c:\users\apervaiz\downloads\directxtex\directxtex\bin\windows81\win32\debug\directxtexpmalpha.obj
c:\users\apervaiz\downloads\directxtex\directxtex\bin\windows81\win32\debug\directxtexcompress.obj
c:\users\apervaiz\downloads\directxtex\directxtex\bin\windows81\win32\debug\directxtexmisc.obj
c:\users\apervaiz\downloads\directxtex\directxtex\bin\windows81\win32\debug\directxtexresize.obj
c:\users\apervaiz\downloads\directxtex\directxtex\bin\windows81\win32\debug\bc.obj
c:\users\apervaiz\downloads\directxtex\directxtex\bin\windows81\win32\debug\directxtexmipmaps.obj
c:\users\apervaiz\downloads\directxtex\directxtex\bin\windows81\win32\debug\directxtexconvert.obj
c:\users\apervaiz\downloads\directxtex\directxtex\bin\windows81\win32\debug\directxtexcompressgpu.obj
c:\users\apervaiz\downloads\directxtex\directxtex\bin\windows81\win32\debug\directxtexdds.obj
c:\users\apervaiz\downloads\directxtex\directxtex\bin\windows81\win32\debug\directxtexd3d11.obj
c:\users\apervaiz\downloads\directxtex\directxtex\bin\windows81\win32\debug\directxteximage.obj
c:\users\apervaiz\downloads\directxtex\directxtex\bin\windows81\win32\debug\directxtexwic.obj
c:\users\apervaiz\downloads\directxtex\directxtex\bin\windows81\win32\debug\directxtex.lib
c:\users\apervaiz\downloads\directxtex\directxtex\bin\windows81\win32\debug\priconfig.xml
c:\users\apervaiz\downloads\directxtex\directxtex\bin\windows81\win32\debug\priconfig.xml.intermediate
c:\users\apervaiz\downloads\directxtex\directxtex\bin\windows81\win32\debug\layout.resfiles
c:\users\apervaiz\downloads\directxtex\directxtex\bin\windows81\win32\debug\layout.resfiles.intermediate
c:\users\apervaiz\downloads\directxtex\directxtex\bin\windows81\win32\debug\resources.resfiles
c:\users\apervaiz\downloads\directxtex\directxtex\bin\windows81\win32\debug\resources.resfiles.intermediate
c:\users\apervaiz\downloads\directxtex\directxtex\bin\windows81\win32\debug\pri.resfiles
c:\users\apervaiz\downloads\directxtex\directxtex\bin\windows81\win32\debug\pri.resfiles.intermediate
c:\users\apervaiz\downloads\directxtex\directxtex\bin\windows81\win32\debug\directxtex.pri
c:\users\apervaiz\downloads\directxtex\directxtex\bin\windows81\win32\debug\qualifiers.txt
c:\users\apervaiz\downloads\directxtex\directxtex\bin\windows81\win32\debug\qualifiers.txt.intermediate
c:\users\apervaiz\downloads\directxtex\directxtex\bin\windows81\win32\debug\multiplequalifiersperdimensionfound.txt
c:\users\apervaiz\downloads\directxtex\directxtex\bin\windows81\win32\debug\directxtex.tlog\cl.command.1.tlog
c:\users\apervaiz\downloads\directxtex\directxtex\bin\windows81\win32\debug\directxtex.tlog\cl.read.1.tlog
c:\users\apervaiz\downloads\directxtex\directxtex\bin\windows81\win32\debug\directxtex.tlog\cl.write.1.tlog
c:\users\apervaiz\downloads\directxtex\directxtex\bin\windows81\win32\debug\directxtex.tlog\directxtex.read.1u.tlog
c:\users\apervaiz\downloads\directxtex\directxtex\bin\windows81\win32\debug\directxtex.tlog\directxtex.write.1u.tlog
c:\users\apervaiz\downloads\directxtex\directxtex\bin\windows81\win32\debug\directxtex.tlog\lib-link.read.1.tlog
c:\users\apervaiz\downloads\directxtex\directxtex\bin\windows81\win32\debug\directxtex.tlog\lib-link.write.1.tlog
c:\users\apervaiz\downloads\directxtex\directxtex\bin\windows81\win32\debug\directxtex.tlog\lib.command.1.tlog
