c:\users\aman\desktop\beautfulvideoplayer\beautfulvideoplayer\directxtex\directxtex\bin\windows81\x64\debug\directxtex.pch
c:\users\aman\desktop\beautfulvideoplayer\beautfulvideoplayer\directxtex\directxtex\bin\windows81\x64\debug\directxtex.pdb
c:\users\aman\desktop\beautfulvideoplayer\beautfulvideoplayer\directxtex\directxtex\bin\windows81\x64\debug\directxtexutil.obj
c:\users\aman\desktop\beautfulvideoplayer\beautfulvideoplayer\directxtex\directxtex\bin\windows81\x64\debug\bc4bc5.obj
c:\users\aman\desktop\beautfulvideoplayer\beautfulvideoplayer\directxtex\directxtex\bin\windows81\x64\debug\directxtexcompress.obj
c:\users\aman\desktop\beautfulvideoplayer\beautfulvideoplayer\directxtex\directxtex\bin\windows81\x64\debug\directxtexdds.obj
c:\users\aman\desktop\beautfulvideoplayer\beautfulvideoplayer\directxtex\directxtex\bin\windows81\x64\debug\directxtexnormalmaps.obj
c:\users\aman\desktop\beautfulvideoplayer\beautfulvideoplayer\directxtex\directxtex\bin\windows81\x64\debug\directxtexresize.obj
c:\users\aman\desktop\beautfulvideoplayer\beautfulvideoplayer\directxtex\directxtex\bin\windows81\x64\debug\bc.obj
c:\users\aman\desktop\beautfulvideoplayer\beautfulvideoplayer\directxtex\directxtex\bin\windows81\x64\debug\directxtexcompressgpu.obj
c:\users\aman\desktop\beautfulvideoplayer\beautfulvideoplayer\directxtex\directxtex\bin\windows81\x64\debug\directxtexd3d11.obj
c:\users\aman\desktop\beautfulvideoplayer\beautfulvideoplayer\directxtex\directxtex\bin\windows81\x64\debug\directxteximage.obj
c:\users\aman\desktop\beautfulvideoplayer\beautfulvideoplayer\directxtex\directxtex\bin\windows81\x64\debug\directxtexpmalpha.obj
c:\users\aman\desktop\beautfulvideoplayer\beautfulvideoplayer\directxtex\directxtex\bin\windows81\x64\debug\bc6hbc7.obj
c:\users\aman\desktop\beautfulvideoplayer\beautfulvideoplayer\directxtex\directxtex\bin\windows81\x64\debug\directxtexconvert.obj
c:\users\aman\desktop\beautfulvideoplayer\beautfulvideoplayer\directxtex\directxtex\bin\windows81\x64\debug\directxtexmipmaps.obj
c:\users\aman\desktop\beautfulvideoplayer\beautfulvideoplayer\directxtex\directxtex\bin\windows81\x64\debug\directxtexwic.obj
c:\users\aman\desktop\beautfulvideoplayer\beautfulvideoplayer\directxtex\directxtex\bin\windows81\x64\debug\bcdirectcompute.obj
c:\users\aman\desktop\beautfulvideoplayer\beautfulvideoplayer\directxtex\directxtex\bin\windows81\x64\debug\directxtexfliprotate.obj
c:\users\aman\desktop\beautfulvideoplayer\beautfulvideoplayer\directxtex\directxtex\bin\windows81\x64\debug\directxtexmisc.obj
c:\users\aman\desktop\beautfulvideoplayer\beautfulvideoplayer\directxtex\directxtex\bin\windows81\x64\debug\directxtextga.obj
c:\users\aman\desktop\beautfulvideoplayer\beautfulvideoplayer\directxtex\directxtex\bin\windows81\x64\debug\directxtex_windows81.vcxprojresolveassemblyreference.cache
c:\users\aman\desktop\beautfulvideoplayer\beautfulvideoplayer\directxtex\directxtex\bin\windows81\x64\debug\directxtex.lib
c:\users\aman\desktop\beautfulvideoplayer\beautfulvideoplayer\directxtex\directxtex\bin\windows81\x64\debug\priconfig.xml
c:\users\aman\desktop\beautfulvideoplayer\beautfulvideoplayer\directxtex\directxtex\bin\windows81\x64\debug\priconfig.xml.intermediate
c:\users\aman\desktop\beautfulvideoplayer\beautfulvideoplayer\directxtex\directxtex\bin\windows81\x64\debug\layout.resfiles
c:\users\aman\desktop\beautfulvideoplayer\beautfulvideoplayer\directxtex\directxtex\bin\windows81\x64\debug\layout.resfiles.intermediate
c:\users\aman\desktop\beautfulvideoplayer\beautfulvideoplayer\directxtex\directxtex\bin\windows81\x64\debug\resources.resfiles
c:\users\aman\desktop\beautfulvideoplayer\beautfulvideoplayer\directxtex\directxtex\bin\windows81\x64\debug\resources.resfiles.intermediate
c:\users\aman\desktop\beautfulvideoplayer\beautfulvideoplayer\directxtex\directxtex\bin\windows81\x64\debug\pri.resfiles
c:\users\aman\desktop\beautfulvideoplayer\beautfulvideoplayer\directxtex\directxtex\bin\windows81\x64\debug\pri.resfiles.intermediate
c:\users\aman\desktop\beautfulvideoplayer\beautfulvideoplayer\directxtex\directxtex\bin\windows81\x64\debug\directxtex.pri
c:\users\aman\desktop\beautfulvideoplayer\beautfulvideoplayer\directxtex\directxtex\bin\windows81\x64\debug\qualifiers.txt
c:\users\aman\desktop\beautfulvideoplayer\beautfulvideoplayer\directxtex\directxtex\bin\windows81\x64\debug\qualifiers.txt.intermediate
c:\users\aman\desktop\beautfulvideoplayer\beautfulvideoplayer\directxtex\directxtex\bin\windows81\x64\debug\multiplequalifiersperdimensionfound.txt
c:\users\aman\desktop\beautfulvideoplayer\beautfulvideoplayer\directxtex\directxtex\bin\windows81\x64\debug\directxtex.tlog\cl.command.1.tlog
c:\users\aman\desktop\beautfulvideoplayer\beautfulvideoplayer\directxtex\directxtex\bin\windows81\x64\debug\directxtex.tlog\cl.read.1.tlog
c:\users\aman\desktop\beautfulvideoplayer\beautfulvideoplayer\directxtex\directxtex\bin\windows81\x64\debug\directxtex.tlog\cl.write.1.tlog
c:\users\aman\desktop\beautfulvideoplayer\beautfulvideoplayer\directxtex\directxtex\bin\windows81\x64\debug\directxtex.tlog\directxtex.read.1u.tlog
c:\users\aman\desktop\beautfulvideoplayer\beautfulvideoplayer\directxtex\directxtex\bin\windows81\x64\debug\directxtex.tlog\directxtex.write.1u.tlog
c:\users\aman\desktop\beautfulvideoplayer\beautfulvideoplayer\directxtex\directxtex\bin\windows81\x64\debug\directxtex.tlog\lib-link.read.1.tlog
c:\users\aman\desktop\beautfulvideoplayer\beautfulvideoplayer\directxtex\directxtex\bin\windows81\x64\debug\directxtex.tlog\lib-link.write.1.tlog
c:\users\aman\desktop\beautfulvideoplayer\beautfulvideoplayer\directxtex\directxtex\bin\windows81\x64\debug\directxtex.tlog\lib.command.1.tlog
